<?xml version="1.0" encoding="UTF-8"?>
<!-- Generated by org.testng.reporters.JUnitXMLReporter -->
<testsuite ignored="0" hostname="DESKTOP-TRRM22Q" failures="0" tests="8" name="Default test" time="46.032" errors="0" timestamp="2023-10-10T12:49:38 IST">
  <testcase classname="tests.Test29" name="getAllBooksInStore" time="6.276"/>
  <testcase classname="tests.Test29" name="createUser" time="1.945"/>
  <testcase classname="tests.Test29" name="generateToken" time="2.015"/>
  <testcase classname="tests.Test29" name="verifyUser" time="1.165"/>
  <testcase classname="tests.Test29" name="addBooks" time="15.357"/>
  <testcase classname="tests.Test29" name="getBooks" time="14.474"/>
  <testcase classname="tests.Test29" name="deleteBooks" time="2.211"/>
  <testcase classname="tests.Test29" name="deleteuser" time="2.455"/>
</testsuite> <!-- Default test -->
